reslists
*.vtf
*.sw.vtx
*.jpg
*.dx80.vtx
hl2\resource\optionssubmouse.res
hl2\resource\ui
hl2\sound\player\pl_swim1.wav
hl2\sound\player\pl_swim3.wav
tf\cfg\user_default.scr
tf\cfg\config_default.cfg
tf\classes
tf\maps\graphs\cloak.ain
tf\maps\soundcache\*.cache
tf\media
tf\reslists
tf\resource\*.dat
tf\resource\*.res
tf\resource\*.ttf
tf\resource\gameui_
tf\resource\roundinfo
tf\resource\tf_dutch.txt
tf\resource\tf_german.txt
tf\resource\tf_french.txt
tf\resource\tf_schinese.txt
tf\resource\tf_spanish.txt
tf\resource\ui